<?xml version="1.0" encoding="UTF-8"?>
<testng-results ignored="0" total="1" passed="0" failed="1" skipped="0">
  <reporter-output>
  </reporter-output>
  <suite started-at="2026-06-11T22:26:39 IST" name="Default suite" finished-at="2026-06-11T22:27:11 IST" duration-ms="31542">
    <groups>
    </groups>
    <test started-at="2026-06-11T22:26:39 IST" name="Default test" finished-at="2026-06-11T22:27:11 IST" duration-ms="31542">
      <class name="cRm_Contact.CreateTestScriptContTest">
        <test-method is-config="true" signature="repConfig()[pri:0, instance:cRm_Contact.CreateTestScriptContTest@2a5c8d3f]" started-at="2026-06-11T22:26:39 IST" name="repConfig" finished-at="2026-06-11T22:26:39 IST" duration-ms="25" status="PASS">
          <reporter-output>
          </reporter-output>
        </test-method> <!-- repConfig -->
        <test-method is-config="true" signature="setUp()[pri:0, instance:cRm_Contact.CreateTestScriptContTest@2a5c8d3f]" started-at="2026-06-11T22:26:39 IST" name="setUp" finished-at="2026-06-11T22:26:47 IST" duration-ms="7856" status="PASS">
          <reporter-output>
          </reporter-output>
        </test-method> <!-- setUp -->
        <test-method is-config="true" signature="login()[pri:0, instance:cRm_Contact.CreateTestScriptContTest@2a5c8d3f]" started-at="2026-06-11T22:26:47 IST" name="login" finished-at="2026-06-11T22:26:53 IST" duration-ms="5648" status="PASS">
          <reporter-output>
          </reporter-output>
        </test-method> <!-- login -->
        <test-method signature="createContact()[pri:0, instance:cRm_Contact.CreateTestScriptContTest@2a5c8d3f]" started-at="2026-06-11T22:26:53 IST" name="createContact" finished-at="2026-06-11T22:27:08 IST" duration-ms="15205" status="FAIL">
          <exception class="java.lang.AssertionError">
            <full-stacktrace>
              <![CDATA[java.lang.AssertionError
at org.junit.Assert.fail(Assert.java:92)
at org.junit.Assert.assertTrue(Assert.java:43)
at org.junit.Assert.assertTrue(Assert.java:54)
at cRm_Contact.CreateTestScriptContTest.createContact(CreateTestScriptContTest.java:139)
at java.base/jdk.internal.reflect.DirectMethodHandleAccessor.invoke(DirectMethodHandleAccessor.java:103)
at java.base/java.lang.reflect.Method.invoke(Method.java:580)
at org.testng.internal.invokers.MethodInvocationHelper.invokeMethod(MethodInvocationHelper.java:141)
at org.testng.internal.invokers.TestInvoker.invokeMethod(TestInvoker.java:687)
at org.testng.internal.invokers.TestInvoker.invokeTestMethod(TestInvoker.java:230)
at org.testng.internal.invokers.MethodRunner.runInSequence(MethodRunner.java:63)
at org.testng.internal.invokers.TestInvoker$MethodInvocationAgent.invoke(TestInvoker.java:995)
at org.testng.internal.invokers.TestInvoker.invokeTestMethods(TestInvoker.java:203)
at org.testng.internal.invokers.TestMethodWorker.invokeTestMethods(TestMethodWorker.java:154)
at org.testng.internal.invokers.TestMethodWorker.run(TestMethodWorker.java:134)
at java.base/java.util.ArrayList.forEach(ArrayList.java:1596)
at org.testng.TestRunner.privateRun(TestRunner.java:741)
at org.testng.TestRunner.run(TestRunner.java:616)
at org.testng.SuiteRunner.runTest(SuiteRunner.java:421)
at org.testng.SuiteRunner.runSequentially(SuiteRunner.java:413)
at org.testng.SuiteRunner.privateRun(SuiteRunner.java:373)
at org.testng.SuiteRunner.run(SuiteRunner.java:312)
at org.testng.SuiteRunnerWorker.runSuite(SuiteRunnerWorker.java:52)
at org.testng.SuiteRunnerWorker.run(SuiteRunnerWorker.java:95)
at org.testng.TestNG.runSuitesSequentially(TestNG.java:1274)
at org.testng.TestNG.runSuitesLocally(TestNG.java:1208)
at org.testng.TestNG.runSuites(TestNG.java:1112)
at org.testng.TestNG.run(TestNG.java:1079)
at org.testng.remote.AbstractRemoteTestNG.run(AbstractRemoteTestNG.java:115)
at org.testng.remote.RemoteTestNG.initAndRun(RemoteTestNG.java:293)
at org.testng.remote.RemoteTestNG.main(RemoteTestNG.java:91)
]]>
            </full-stacktrace>
          </exception> <!-- java.lang.AssertionError -->
          <reporter-output>
          </reporter-output>
        </test-method> <!-- createContact -->
        <test-method is-config="true" signature="logout()[pri:0, instance:cRm_Contact.CreateTestScriptContTest@2a5c8d3f]" started-at="2026-06-11T22:27:08 IST" name="logout" finished-at="2026-06-11T22:27:11 IST" duration-ms="2167" status="PASS">
          <reporter-output>
          </reporter-output>
        </test-method> <!-- logout -->
        <test-method is-config="true" signature="tearDown()[pri:0, instance:cRm_Contact.CreateTestScriptContTest@2a5c8d3f]" started-at="2026-06-11T22:27:11 IST" name="tearDown" finished-at="2026-06-11T22:27:11 IST" duration-ms="379" status="PASS">
          <reporter-output>
          </reporter-output>
        </test-method> <!-- tearDown -->
        <test-method is-config="true" signature="repBackup()[pri:0, instance:cRm_Contact.CreateTestScriptContTest@2a5c8d3f]" started-at="2026-06-11T22:27:11 IST" name="repBackup" finished-at="2026-06-11T22:27:12 IST" duration-ms="585" status="PASS">
          <reporter-output>
          </reporter-output>
        </test-method> <!-- repBackup -->
      </class> <!-- cRm_Contact.CreateTestScriptContTest -->
    </test> <!-- Default test -->
  </suite> <!-- Default suite -->
</testng-results>
