<?xml version="1.0" encoding="UTF-8"?>
<testng-results ignored="0" total="3" passed="3" failed="0" skipped="0">
  <reporter-output>
  </reporter-output>
  <suite started-at="2026-06-06T21:57:05 IST" name="Suite" finished-at="2026-06-06T21:57:16 IST" duration-ms="11109">
    <groups>
    </groups>
    <test started-at="2026-06-06T21:57:05 IST" name="TestRunner1" finished-at="2026-06-06T21:57:10 IST" duration-ms="5592">
      <class name="cross_Browser.ChromeTest">
        <test-method signature="createLeadTest(java.lang.String)[pri:0, instance:cross_Browser.ChromeTest@4802796d]" started-at="2026-06-06T21:57:05 IST" name="createLeadTest" finished-at="2026-06-06T21:57:10 IST" duration-ms="5498" status="PASS">
          <params>
            <param index="0">
              <value>
                <![CDATA[chrome]]>
              </value>
            </param>
          </params>
          <reporter-output>
          </reporter-output>
        </test-method> <!-- createLeadTest -->
      </class> <!-- cross_Browser.ChromeTest -->
    </test> <!-- TestRunner1 -->
    <test started-at="2026-06-06T21:57:05 IST" name="TestRunner2" finished-at="2026-06-06T21:57:12 IST" duration-ms="7036">
      <class name="cross_Browser.EdgeTest">
        <test-method signature="createLeadTest(java.lang.String)[pri:0, instance:cross_Browser.EdgeTest@2cd76f31]" started-at="2026-06-06T21:57:05 IST" name="createLeadTest" finished-at="2026-06-06T21:57:12 IST" duration-ms="6951" status="PASS">
          <params>
            <param index="0">
              <value>
                <![CDATA[edge]]>
              </value>
            </param>
          </params>
          <reporter-output>
          </reporter-output>
        </test-method> <!-- createLeadTest -->
      </class> <!-- cross_Browser.EdgeTest -->
    </test> <!-- TestRunner2 -->
    <test started-at="2026-06-06T21:57:05 IST" name="TestRunner3" finished-at="2026-06-06T21:57:16 IST" duration-ms="11109">
      <class name="cross_Browser.FireFoxTest">
        <test-method signature="createLeadTest(java.lang.String)[pri:0, instance:cross_Browser.FireFoxTest@ba2f4ec]" started-at="2026-06-06T21:57:05 IST" name="createLeadTest" finished-at="2026-06-06T21:57:16 IST" duration-ms="11023" status="PASS">
          <params>
            <param index="0">
              <value>
                <![CDATA[firefox]]>
              </value>
            </param>
          </params>
          <reporter-output>
          </reporter-output>
        </test-method> <!-- createLeadTest -->
      </class> <!-- cross_Browser.FireFoxTest -->
    </test> <!-- TestRunner3 -->
  </suite> <!-- Suite -->
</testng-results>
