<?xml version="1.0" encoding="UTF-8"?>
<!-- Generated by org.testng.reporters.JUnitXMLReporter -->
<testsuite ignored="4" hostname="Priti" failures="0" tests="2" name="Test" time="0.109" errors="0" timestamp="2026-06-06T17:50:10 IST">
  <testcase classname="testing_Extra.Sample_Test" name="case2" time="0.02"/>
  <testcase classname="testing_Extra.Demo_Test" name="case2" time="0.004"/>
  <testcase classname="testing_Extra.Demo_Test" name="case1" time="0.0">
    <ignored/>
  </testcase> <!-- case1 -->
  <testcase classname="testing_Extra.Demo_Test" name="case3" time="0.0">
    <ignored/>
  </testcase> <!-- case3 -->
  <testcase classname="testing_Extra.Sample_Test" name="case3" time="0.0">
    <ignored/>
  </testcase> <!-- case3 -->
  <testcase classname="testing_Extra.Sample_Test" name="case1" time="0.0">
    <ignored/>
  </testcase> <!-- case1 -->
</testsuite> <!-- Test -->
