<?xml version="1.0" encoding="UTF-8"?>
<!-- Generated by org.testng.reporters.JUnitReportReporter -->
<testsuite hostname="Priti" failures="0" tests="3" name="type_of_Execution.LeadTest" time="7.093" errors="0" timestamp="2026-06-06T17:43:32 IST" skipped="0">
  <testcase classname="type_of_Execution.LeadTest" name="CreateLeadTest" time="4.844"/>
  <testcase classname="type_of_Execution.LeadTest" name="modifyLeadTest" time="1.079"/>
  <testcase classname="type_of_Execution.LeadTest" name="deleteLeadtest" time="1.170"/>
</testsuite> <!-- type_of_Execution.LeadTest -->
