<?xml version="1.0" encoding="UTF-8"?>
<!-- Generated by org.testng.reporters.JUnitReportReporter -->
<testsuite hostname="Priti" failures="0" tests="1" name="testing_Extra.Demo_Test" time="0.004" errors="0" timestamp="2026-06-06T17:50:10 IST" skipped="0">
  <testcase classname="testing_Extra.Demo_Test" name="case2" time="0.004">
    <system-out>
      <![CDATA[Case 2 Executed]]>
    </system-out>
  </testcase> <!-- case2 -->
  <system-out>
    <![CDATA[Hey there!!!! This is TestNG demo test2
Case 2 Executed]]>
  </system-out>
</testsuite> <!-- testing_Extra.Demo_Test -->
