<?xml version="1.0" encoding="UTF-8"?>
<!-- Generated by org.testng.reporters.JUnitReportReporter -->
<testsuite hostname="Priti" failures="0" tests="3" name="helperAtribute.EnableTest" time="0.020" errors="0" timestamp="2026-06-06T16:10:23 IST" skipped="1">
  <testcase classname="helperAtribute.EnableTest" name="test3" time="0.003"/>
  <testcase classname="helperAtribute.EnableTest" name="test1" time="0.017"/>
  <testcase classname="helperAtribute.EnableTest" name="test2">
    <skipped/>
  </testcase> <!-- test2 -->
</testsuite> <!-- helperAtribute.EnableTest -->
