<?xml version="1.0" encoding="UTF-8"?>
<!-- Generated by org.testng.reporters.JUnitReportReporter -->
<testsuite hostname="Priti" failures="0" tests="5" name="learning_DataProvider.Learning_DataProvider" time="0.025" errors="0" timestamp="2026-06-10T19:23:10 IST" skipped="0">
  <testcase classname="learning_DataProvider.Learning_DataProvider" name="dummyLogin" time="0.002"/>
  <testcase classname="learning_DataProvider.Learning_DataProvider" name="dummyLogin" time="0.002"/>
  <testcase classname="learning_DataProvider.Learning_DataProvider" name="dummyLogin" time="0.001"/>
  <testcase classname="learning_DataProvider.Learning_DataProvider" name="dummyLogin" time="0.003"/>
  <testcase classname="learning_DataProvider.Learning_DataProvider" name="dummyLogin" time="0.017"/>
</testsuite> <!-- learning_DataProvider.Learning_DataProvider -->
