<?xml version="1.0" encoding="UTF-8"?>
<!-- Generated by org.testng.reporters.JUnitReportReporter -->
<testsuite hostname="Priti" failures="0" tests="3" name="helperAtribute.PriorityTest" time="22.100" errors="0" timestamp="2026-06-06T15:51:27 IST" skipped="0">
  <testcase classname="helperAtribute.PriorityTest" name="createNoidaCity" time="13.404"/>
  <testcase classname="helperAtribute.PriorityTest" name="modifyNoidaCity" time="5.189"/>
  <testcase classname="helperAtribute.PriorityTest" name="deleteNoidaCity" time="3.507"/>
</testsuite> <!-- helperAtribute.PriorityTest -->
