<?xml version="1.0" encoding="UTF-8"?>
<!-- Generated by org.testng.reporters.JUnitReportReporter -->
<testsuite hostname="Priti" failures="0" tests="3" name="type_of_Execution.OrgTest" time="12.777" errors="0" timestamp="2026-06-06T17:43:32 IST" skipped="0">
  <testcase classname="type_of_Execution.OrgTest" name="createOrgTest" time="3.291"/>
  <testcase classname="type_of_Execution.OrgTest" name="modifyOrgTest" time="4.866"/>
  <testcase classname="type_of_Execution.OrgTest" name="deleteOrgTest" time="4.620"/>
</testsuite> <!-- type_of_Execution.OrgTest -->
