<?xml version="1.0" encoding="UTF-8"?>
<!-- Generated by org.testng.reporters.JUnitReportReporter -->
<testsuite hostname="Priti" failures="0" tests="3" name="helperAtribute.dependsOnMethodTest" time="0.028" errors="0" timestamp="2026-06-06T16:02:25 IST" skipped="0">
  <testcase classname="helperAtribute.dependsOnMethodTest" name="test3" time="0.002"/>
  <testcase classname="helperAtribute.dependsOnMethodTest" name="test2" time="0.005"/>
  <testcase classname="helperAtribute.dependsOnMethodTest" name="test1" time="0.021"/>
</testsuite> <!-- helperAtribute.dependsOnMethodTest -->
