<?xml version="1.0" encoding="UTF-8"?>
<!-- Generated by org.testng.reporters.JUnitReportReporter -->
<testsuite hostname="Priti" failures="0" tests="5" name="learning_DataProvider.SauceDataProvider" time="0.020" errors="0" timestamp="2026-06-09T22:21:40 IST" skipped="0">
  <testcase classname="learning_DataProvider.SauceDataProvider" name="dummyLogin" time="0.002"/>
  <testcase classname="learning_DataProvider.SauceDataProvider" name="dummyLogin" time="0.002"/>
  <testcase classname="learning_DataProvider.SauceDataProvider" name="dummyLogin" time="0.001"/>
  <testcase classname="learning_DataProvider.SauceDataProvider" name="dummyLogin" time="0.002"/>
  <testcase classname="learning_DataProvider.SauceDataProvider" name="dummyLogin" time="0.013"/>
</testsuite> <!-- learning_DataProvider.SauceDataProvider -->
