<?xml version="1.0" encoding="UTF-8"?>
<!-- Generated by org.testng.reporters.JUnitReportReporter -->
<testsuite hostname="Priti" failures="0" tests="6" name="helperAtribute.invocationCountTest" time="21.867" errors="0" timestamp="2026-06-06T16:05:27 IST" skipped="0">
  <testcase classname="helperAtribute.invocationCountTest" name="deleteNoidaCity" time="3.391"/>
  <testcase classname="helperAtribute.invocationCountTest" name="modifyNoidaCity" time="4.846"/>
  <testcase classname="helperAtribute.invocationCountTest" name="deleteNoidaCity" time="3.433"/>
  <testcase classname="helperAtribute.invocationCountTest" name="createNoidaCity" time="3.472"/>
  <testcase classname="helperAtribute.invocationCountTest" name="modifyNoidaCity" time="3.365"/>
  <testcase classname="helperAtribute.invocationCountTest" name="deleteNoidaCity" time="3.360"/>
</testsuite> <!-- helperAtribute.invocationCountTest -->
